
=== baseline_1 ===
marker=sampled_timeout elapsed=91 java_pid=39738 profile=/home/gerald/obelisks/docs/memory_variants/cluster_cross_section_20260501-190050/baseline_1.jsonl log=/home/gerald/.local/share/PrismLauncher/instances/Bound to Matter-Playtest 3 - v1/minecraft/logs/latest.log
62:[01May2026 19:01:03.761] [main/INFO] [Puzzles Lib/]: Loading 358 mods:
tickBehindWarnings=0 maxTickBehindMs=0 fpsSamples=0 fpsMin= fpsAvg= fpsMax=
peakRssMiB=14880 peakRssGiB=14.53
baseline 1/2: 14.531 GiB marker=sampled_timeout

=== baseline_2 ===
marker=sampled_timeout elapsed=90 java_pid=41070 profile=/home/gerald/obelisks/docs/memory_variants/cluster_cross_section_20260501-190050/baseline_2.jsonl log=/home/gerald/.local/share/PrismLauncher/instances/Bound to Matter-Playtest 3 - v1/minecraft/logs/latest.log
62:[01May2026 19:02:37.176] [main/INFO] [Puzzles Lib/]: Loading 358 mods:
tickBehindWarnings=0 maxTickBehindMs=0 fpsSamples=0 fpsMin= fpsAvg= fpsMax=
peakRssMiB=13220 peakRssGiB=12.91
baseline 2/2: 12.910 GiB marker=sampled_timeout
baseline median: 13.721 GiB

=== cluster_003 ===
disabled PlayerRevive_FORGE_v2.0.31_mc1.20.1.jar
disabled AmbientSounds_FORGE_v6.3.4_mc1.20.1.jar
disabled CreativeCore_FORGE_v2.12.35_mc1.20.1.jar
marker=sampled_timeout elapsed=91 java_pid=42597 profile=/home/gerald/obelisks/docs/memory_variants/cluster_cross_section_20260501-190050/cluster_003.jsonl log=/home/gerald/.local/share/PrismLauncher/instances/Bound to Matter-Playtest 3 - v1/minecraft/logs/latest.log
56:[01May2026 19:04:08.830] [main/INFO] [Puzzles Lib/]: Loading 355 mods:
tickBehindWarnings=0 maxTickBehindMs=0 fpsSamples=0 fpsMin= fpsAvg= fpsMax=
peakRssMiB=13706 peakRssGiB=13.39
1/123 cluster_003 jars=3 peak=13.385GiB delta=+0.336 marker=sampled_timeout

=== cluster_005 ===
disabled create-transmission-loss-0.1.0.jar
disabled liquid_coolant-0.1.0.jar
disabled classselector-1.0.0.jar
disabled dtmalum-1.0.0.jar
disabled acid_vat-0.1.0.jar
disabled computerbridge-0.1.0.jar
disabled heatsync-0.1.0.jar
disabled fission_reactor-0.1.0.jar
disabled gases_and_plasmas-0.1.0.jar
disabled player-animation-lib-forge-1.0.2-rc1+1.20.jar
disabled alchemistry-1.20.1-2.3.4.jar
disabled markdown_manual-MC1.20.1-forge-1.2.5+c3f0b88.jar
disabled alchemylib-1.20.1-1.0.30.jar
disabled chemlib-1.20.1-2.0.19.jar
disabled architectury-9.2.14-forge.jar
disabled createliquidfuel-2.1.1-1.20.1.jar
disabled Glodium-1.20-1.5-forge.jar
disabled polyeng-forge-0.1.1-1.20.1.jar
disabled KubeJS Blood Magic-1.0.2-1.20.1.jar
disabled DynamicTreesQuark-1.20.1-2.5.3.jar
disabled DynamicTreesArsNouveau-1.20.1-1.2.0.jar
disabled resourcefullib-forge-1.20.1-2.1.29.jar
disabled dotcoinmod-forge-20.18.1.jar
disabled cloth-config-11.1.136-forge.jar
disabled Not Enough Recipe Book-FORGE-0.4.1+1.20.1.jar
disabled SmartBrainLib-forge-1.20.1-1.15.jar
disabled kubejs-forge-2001.6.5-build.16.jar
disabled merequester-forge-1.20.1-1.1.5.jar
disabled rhino-forge-2001.2.3-build.10.jar
disabled resourcefulconfig-forge-1.20.1-2.1.3.jar
disabled aether-1.20.1-1.5.2-neoforge.jar
disabled kubejs-create-forge-2001.3.0-build.8.jar
disabled lodestone-1.20.1-1.6.4.1.jar
disabled OctoLib-FORGE-0.5.0.1+1.20.1.jar
disabled ftb-xmod-compat-forge-2.1.3.jar
disabled createaddoncompatibility-0.2.4.jar
disabled curios-forge-5.14.1+1.20.1.jar
disabled Quark-4.0-462.jar
disabled rehooked-1.8.3-1.20.1.jar
disabled polymorph-forge-0.49.10+1.20.1.jar
disabled morejs-forge-1.20.1-0.10.1.jar
disabled SleepingOverhaul-2.1.0-Forge-1.20.1.jar
disabled createappliedkinetics-1.5.1-1.20.1.jar
disabled create_enchantment_industry-1.3.3-for-create-6.0.6.jar
disabled inline-forge-1.20.1-1.2.2.jar
disabled create_power_loader-2.0.3-mc1.20.1.jar
disabled malum-1.20.1-1.6.7.jar
disabled ars_nouveau-1.20.1-4.12.7-all.jar
disabled createadvlogistics-0.2.0.jar
disabled dtnatures_spirit-1.20.1-forge-1.3-all.jar
disabled createmoredrillheads-2.1.0-1.20.1.jar
disabled create_central_kitchen-1.20.1-for-create-6.0.6-1.4.3b.jar
disabled guideme-20.1.14.jar
disabled findme-3.2.3-forge.jar
disabled appliedenergistics2-forge-15.4.10.jar
disabled create-1.20.1-6.0.8.jar
disabled bettercombat-forge-1.9.0+1.20.1.jar
disabled ftb-library-forge-2001.2.12.jar
disabled create_cold_sweat-1.1.2.jar
disabled AEAdditions-1.20.1-5.1.1.jar
disabled Zeta-1.0-31.jar
disabled occultism-1.20.1-1.157.0.jar
disabled almostunified-forge-1.20.1-0.11.0.jar
disabled createadditionallogistics-1.20.1-1.4.5.jar
disabled modonomicon-1.20.1-forge-1.79.3.jar
disabled create_bb-1.0.7-1.20.1-Forge.jar
disabled create-new-age-1.1.7f+forge-mc1.20.1.jar
disabled ftb-teams-forge-2001.3.2.jar
disabled golemoverhaul-forge-1.20.1-1.1.0.jar
disabled DynamicTreesPlus-1.20.1-1.2.2.jar
disabled tomeofblood-1.20.1-0.4.5.jar
disabled geckolib-forge-1.20.1-4.8.3.jar
disabled DynamicTrees-1.20.1-1.4.10.jar
disabled oc2r-1.20.1-forge-2.2.12-all.jar
disabled lootjs-forge-1.20.1-2.13.1.jar
disabled create_connected-1.1.13-mc1.20.1-all.jar
disabled Botania-1.20.1-451-FORGE.jar
disabled registry_dumper_3000-forge-1.1.0.jar
disabled relics-1.20.1-0.8.0.13.jar
disabled Explosion-Overhaul-0.2.3.0-forge-.jar
disabled powergrid-mc1.20.1-0.5.4.jar
disabled Patchouli-1.20.1-85-FORGE.jar
disabled mae2-2.0.0.jar
disabled Steam_Rails-1.7.2+forge-mc1.20.1.jar
disabled creatingspace-1.20.1-1.7.13.jar
disabled dragonlib-forge-1.20.1-beta-3.0.24.jar
disabled theurgy-1.20.1-1.28.0.jar
disabled ExtendedAE-1.20-1.4.14-forge.jar
disabled artifacts-forge-9.5.19.jar
disabled ftb-quests-forge-2001.4.21.jar
disabled BuildingWands-forge-MC1.20.1-3.0.4.jar
disabled ColdSweat-2.4.jar
disabled fiahi-3.1.6.jar
disabled createfix-0.5.jar
disabled createdieselgenerators-1.20.1-1.3.12.jar
disabled bloodmagic-1.20.1-3.3.7-49.jar
disabled AdvancedAE-1.3.5-1.20.1.jar
disabled AE2NetworkAnalyzer-1.20-1.0.6-forge.jar
disabled AE2-Things-1.2.1.jar
marker=failed elapsed=18 java_pid=44433 profile=/home/gerald/obelisks/docs/memory_variants/cluster_cross_section_20260501-190050/cluster_005.jsonl log=/home/gerald/.local/share/PrismLauncher/instances/Bound to Matter-Playtest 3 - v1/minecraft/logs/latest.log
48:[01May2026 19:05:41.180] [main/INFO] [Puzzles Lib/]: Loading 253 mods:
964:[01May2026 19:05:48.025] [Render thread/FATAL] [net.minecraftforge.client.loading.ClientModLoader/]: Crash report saved to /home/gerald/.local/share/PrismLauncher/instances/Bound to Matter-Playtest 3 - v1/minecraft/crash-reports/crash-2026-05-01_19.05.48-fml.txt
tickBehindWarnings=0 maxTickBehindMs=0 fpsSamples=0 fpsMin= fpsAvg= fpsMax=
peakRssMiB=3417 peakRssGiB=3.34
2/123 cluster_005 jars=99 peak=3.337GiB delta=+10.384 marker=failed

=== cluster_008 ===
disabled Hyle-2.0.0-1.20.1-forge-all.jar
disabled UnEarthed-2.3.0-1.20.1-forge-all.jar
marker=sampled_timeout elapsed=92 java_pid=45226 profile=/home/gerald/obelisks/docs/memory_variants/cluster_cross_section_20260501-190050/cluster_008.jsonl log=/home/gerald/.local/share/PrismLauncher/instances/Bound to Matter-Playtest 3 - v1/minecraft/logs/latest.log
56:[01May2026 19:06:02.920] [main/INFO] [Puzzles Lib/]: Loading 356 mods:
tickBehindWarnings=0 maxTickBehindMs=0 fpsSamples=0 fpsMin= fpsAvg= fpsMax=
peakRssMiB=12437 peakRssGiB=12.15
3/123 cluster_008 jars=2 peak=12.146GiB delta=+1.575 marker=sampled_timeout

=== cluster_012 ===
disabled Controlling-forge-1.20.1-12.0.2.jar
disabled Searchables-forge-1.20.1-1.0.3.jar
marker=sampled_timeout elapsed=91 java_pid=46779 profile=/home/gerald/obelisks/docs/memory_variants/cluster_cross_section_20260501-190050/cluster_012.jsonl log=/home/gerald/.local/share/PrismLauncher/instances/Bound to Matter-Playtest 3 - v1/minecraft/logs/latest.log
56:[01May2026 19:07:36.941] [main/INFO] [Puzzles Lib/]: Loading 356 mods:
tickBehindWarnings=0 maxTickBehindMs=0 fpsSamples=0 fpsMin= fpsAvg= fpsMax=
peakRssMiB=14415 peakRssGiB=14.08
4/123 cluster_012 jars=2 peak=14.077GiB delta=-0.356 marker=sampled_timeout

=== cluster_014 ===
disabled rusticdelight-forge-1.20.1-1.5.1.jar
disabled ubesdelight-forge-1.20.1-0.4.11.jar
disabled FarmersDelight-1.20.1-1.2.11a.jar
disabled VeggiesDelight-1.20.1-1.9.2.jar
disabled farmersrespite-1.20.1-2.1.2.jar
disabled BrewinAndChewin-1.20.1-3.2.1.jar
disabled ends_delight-2.5.1+forge.1.20.1.jar
disabled blueprint-1.20.1-7.1.3.jar
disabled MyNethersDelight-1.20.1-0.1.8.jar
disabled corn_delight-1.1.9-1.20.1.jar
disabled savage_and_ravage-1.20.1-6.0.1.jar
disabled Delightful-1.20.1-3.7.8.jar
disabled chefsdelight-1.0.4-forge-1.20.1.jar
disabled collectorsreap-1.20.1-1.5.5.jar
disabled mysterious_mountain_lib-1.6.34-1.20.1.jar
marker=failed elapsed=25 java_pid=48360 profile=/home/gerald/obelisks/docs/memory_variants/cluster_cross_section_20260501-190050/cluster_014.jsonl log=/home/gerald/.local/share/PrismLauncher/instances/Bound to Matter-Playtest 3 - v1/minecraft/logs/latest.log
55:[01May2026 19:09:11.928] [main/INFO] [Puzzles Lib/]: Loading 342 mods:
2404:[01May2026 19:09:21.048] [Render thread/FATAL] [net.minecraftforge.client.loading.ClientModLoader/]: Crash report saved to /home/gerald/.local/share/PrismLauncher/instances/Bound to Matter-Playtest 3 - v1/minecraft/crash-reports/crash-2026-05-01_19.09.21-fml.txt
tickBehindWarnings=0 maxTickBehindMs=0 fpsSamples=0 fpsMin= fpsAvg= fpsMax=
peakRssMiB=5776 peakRssGiB=5.64
5/123 cluster_014 jars=15 peak=5.641GiB delta=+8.080 marker=failed

=== cluster_018 ===
disabled ForgeEndertech-1.20.1-11.1.10.0-build.2048.jar
disabled AdLods-1.20.1-8.1.9.0-build.2084.jar
disabled AdPother-1.20.1-8.1.43.0-build.2132.jar
marker=sampled_timeout elapsed=91 java_pid=49138 profile=/home/gerald/obelisks/docs/memory_variants/cluster_cross_section_20260501-190050/cluster_018.jsonl log=/home/gerald/.local/share/PrismLauncher/instances/Bound to Matter-Playtest 3 - v1/minecraft/logs/latest.log
56:[01May2026 19:09:36.794] [main/INFO] [Puzzles Lib/]: Loading 355 mods:
tickBehindWarnings=0 maxTickBehindMs=0 fpsSamples=0 fpsMin= fpsAvg= fpsMax=
peakRssMiB=14548 peakRssGiB=14.21
6/123 cluster_018 jars=3 peak=14.207GiB delta=-0.486 marker=sampled_timeout

=== cluster_019 ===
disabled Additional-Weaponry-1.20.1-1.1.3.jar
disabled TConstruct-1.20.1-3.11.2.166.jar
disabled Mantle-1.20.1-1.11.104.jar
disabled TinkersBattleSpades-1.20.1-1.2.1.jar
disabled tponder-1.1.jar
disabled tinkersweaponry-1.20.1-0.0.5.jar
disabled tconjei-1.20.1-1.5.4.jar
disabled etstlib-3.0.0-beta.20.jar
disabled jei-1.20.1-forge-15.20.0.130.jar
disabled TinkerBetterCombat 0.14.jar
disabled JsonThings-1.20.1-0.9.13.jar
marker=failed elapsed=13 java_pid=50701 profile=/home/gerald/obelisks/docs/memory_variants/cluster_cross_section_20260501-190050/cluster_019.jsonl log=/home/gerald/.local/share/PrismLauncher/instances/Bound to Matter-Playtest 3 - v1/minecraft/logs/latest.log
168:[01May2026 19:11:09.536] [Render thread/FATAL] [net.minecraftforge.client.loading.ClientModLoader/]: Crash report saved to /home/gerald/.local/share/PrismLauncher/instances/Bound to Matter-Playtest 3 - v1/minecraft/crash-reports/crash-2026-05-01_19.11.09-fml.txt
tickBehindWarnings=0 maxTickBehindMs=0 fpsSamples=0 fpsMin= fpsAvg= fpsMax=
peakRssMiB=2745 peakRssGiB=2.68
7/123 cluster_019 jars=11 peak=2.681GiB delta=+11.040 marker=failed

=== cluster_025 ===
disabled emitrades-forge-1.2.1+mc1.20.1.jar
disabled emi-1.1.22+1.20.1+forge.jar
marker=sampled_timeout elapsed=91 java_pid=51304 profile=/home/gerald/obelisks/docs/memory_variants/cluster_cross_section_20260501-190050/cluster_025.jsonl log=/home/gerald/.local/share/PrismLauncher/instances/Bound to Matter-Playtest 3 - v1/minecraft/logs/latest.log
56:[01May2026 19:11:24.776] [main/INFO] [Puzzles Lib/]: Loading 356 mods:
tickBehindWarnings=0 maxTickBehindMs=0 fpsSamples=0 fpsMin= fpsAvg= fpsMax=
peakRssMiB=13883 peakRssGiB=13.56
8/123 cluster_025 jars=2 peak=13.558GiB delta=+0.163 marker=sampled_timeout

=== cluster_026 ===
disabled FastWorkbench-1.20.1-8.0.4.jar
disabled FastFurnace-1.20.1-8.0.2.jar
disabled ApothicAttributes-1.20.1-1.3.7.jar
disabled Placebo-1.20.1-8.6.3.jar
disabled ApotheoticAdditionsV2.2.2.jar
disabled Apotheosis-1.20.1-7.4.8.jar
marker=sampled_timeout elapsed=90 java_pid=52855 profile=/home/gerald/obelisks/docs/memory_variants/cluster_cross_section_20260501-190050/cluster_026.jsonl log=/home/gerald/.local/share/PrismLauncher/instances/Bound to Matter-Playtest 3 - v1/minecraft/logs/latest.log
56:[01May2026 19:12:58.079] [main/INFO] [Puzzles Lib/]: Loading 352 mods:
tickBehindWarnings=0 maxTickBehindMs=0 fpsSamples=0 fpsMin= fpsAvg= fpsMax=
peakRssMiB=13335 peakRssGiB=13.02
9/123 cluster_026 jars=6 peak=13.022GiB delta=+0.698 marker=sampled_timeout

=== cluster_029 ===
disabled iceandfire-2.1.13-1.20.1-beta-5.jar
disabled citadel-2.6.3-1.20.1.jar
marker=sampled_timeout elapsed=91 java_pid=54406 profile=/home/gerald/obelisks/docs/memory_variants/cluster_cross_section_20260501-190050/cluster_029.jsonl log=/home/gerald/.local/share/PrismLauncher/instances/Bound to Matter-Playtest 3 - v1/minecraft/logs/latest.log
56:[01May2026 19:14:29.745] [main/INFO] [Puzzles Lib/]: Loading 356 mods:
tickBehindWarnings=0 maxTickBehindMs=0 fpsSamples=0 fpsMin= fpsAvg= fpsMax=
peakRssMiB=13103 peakRssGiB=12.80
10/123 cluster_029 jars=2 peak=12.796GiB delta=+0.925 marker=sampled_timeout

=== cluster_030 ===
disabled [forge]ctov-3.4.14.jar
disabled lithostitched-forge-1.20.1-1.4.11.jar
disabled tectonic-3.0.17-forge-1.20.1.jar
marker=sampled_timeout elapsed=91 java_pid=55956 profile=/home/gerald/obelisks/docs/memory_variants/cluster_cross_section_20260501-190050/cluster_030.jsonl log=/home/gerald/.local/share/PrismLauncher/instances/Bound to Matter-Playtest 3 - v1/minecraft/logs/latest.log
56:[01May2026 19:16:03.847] [main/INFO] [Puzzles Lib/]: Loading 355 mods:
tickBehindWarnings=0 maxTickBehindMs=0 fpsSamples=0 fpsMin= fpsAvg= fpsMax=
peakRssMiB=12978 peakRssGiB=12.67
11/123 cluster_030 jars=3 peak=12.674GiB delta=+1.047 marker=sampled_timeout

=== cluster_035 ===
disabled blue_skies-1.20.1-1.3.31.jar
disabled structure_gel-1.20.1-2.16.2.jar
marker=sampled_timeout elapsed=90 java_pid=57509 profile=/home/gerald/obelisks/docs/memory_variants/cluster_cross_section_20260501-190050/cluster_035.jsonl log=/home/gerald/.local/share/PrismLauncher/instances/Bound to Matter-Playtest 3 - v1/minecraft/logs/latest.log
56:[01May2026 19:17:37.496] [main/INFO] [Puzzles Lib/]: Loading 356 mods:
tickBehindWarnings=0 maxTickBehindMs=0 fpsSamples=0 fpsMin= fpsAvg= fpsMax=
peakRssMiB=15075 peakRssGiB=14.72
12/123 cluster_035 jars=2 peak=14.722GiB delta=-1.001 marker=sampled_timeout

=== cluster_040 ===
disabled Ding-1.20.1-Forge-1.5.0.jar
disabled iChunUtil-1.20.1-Forge-1.0.3.jar
marker=sampled_timeout elapsed=91 java_pid=59029 profile=/home/gerald/obelisks/docs/memory_variants/cluster_cross_section_20260501-190050/cluster_040.jsonl log=/home/gerald/.local/share/PrismLauncher/instances/Bound to Matter-Playtest 3 - v1/minecraft/logs/latest.log
56:[01May2026 19:19:09.284] [main/INFO] [Puzzles Lib/]: Loading 356 mods:
tickBehindWarnings=0 maxTickBehindMs=0 fpsSamples=0 fpsMin= fpsAvg= fpsMax=
peakRssMiB=15584 peakRssGiB=15.22
13/123 cluster_040 jars=2 peak=15.219GiB delta=-1.498 marker=sampled_timeout

=== cluster_044 ===
disabled enhancedai-3.3.6.3.jar
disabled insanelib-1.23.4.4.jar
marker=sampled_timeout elapsed=90 java_pid=60575 profile=/home/gerald/obelisks/docs/memory_variants/cluster_cross_section_20260501-190050/cluster_044.jsonl log=/home/gerald/.local/share/PrismLauncher/instances/Bound to Matter-Playtest 3 - v1/minecraft/logs/latest.log
56:[01May2026 19:20:43.309] [main/INFO] [Puzzles Lib/]: Loading 356 mods:
tickBehindWarnings=0 maxTickBehindMs=0 fpsSamples=0 fpsMin= fpsAvg= fpsMax=
peakRssMiB=12040 peakRssGiB=11.76
14/123 cluster_044 jars=2 peak=11.758GiB delta=+1.963 marker=sampled_timeout

=== cluster_045 ===
disabled moonlight-1.20-2.16.30-forge.jar
disabled immersive_weathering-1.20.1-2.0.5-forge.jar
disabled supplementaries-1.20-3.1.42-forge.jar
disabled amendments-1.20-2.2.5.jar
marker=sampled_timeout elapsed=91 java_pid=62103 profile=/home/gerald/obelisks/docs/memory_variants/cluster_cross_section_20260501-190050/cluster_045.jsonl log=/home/gerald/.local/share/PrismLauncher/instances/Bound to Matter-Playtest 3 - v1/minecraft/logs/latest.log
56:[01May2026 19:22:14.257] [main/INFO] [Puzzles Lib/]: Loading 354 mods:
tickBehindWarnings=0 maxTickBehindMs=0 fpsSamples=0 fpsMin= fpsAvg= fpsMax=
peakRssMiB=13555 peakRssGiB=13.24
15/123 cluster_045 jars=4 peak=13.237GiB delta=+0.483 marker=sampled_timeout

=== cluster_046 ===
disabled villagespawnpoint-1.20.1-4.6.jar
disabled collective-1.20.1-8.20.jar
marker=sampled_timeout elapsed=90 java_pid=63637 profile=/home/gerald/obelisks/docs/memory_variants/cluster_cross_section_20260501-190050/cluster_046.jsonl log=/home/gerald/.local/share/PrismLauncher/instances/Bound to Matter-Playtest 3 - v1/minecraft/logs/latest.log
56:[01May2026 19:23:47.411] [main/INFO] [Puzzles Lib/]: Loading 356 mods:
tickBehindWarnings=0 maxTickBehindMs=0 fpsSamples=0 fpsMin= fpsAvg= fpsMax=
peakRssMiB=11858 peakRssGiB=11.58
16/123 cluster_046 jars=2 peak=11.580GiB delta=+2.141 marker=sampled_timeout

=== cluster_055 ===
disabled HangGlider-v8.0.1-1.20.1-Forge.jar
disabled TradingPost-v8.0.2-1.20.1-Forge.jar
disabled PuzzlesLib-v8.1.33-1.20.1-Forge.jar
marker=sampled_timeout elapsed=91 java_pid=65715 profile=/home/gerald/obelisks/docs/memory_variants/cluster_cross_section_20260501-190050/cluster_055.jsonl log=/home/gerald/.local/share/PrismLauncher/instances/Bound to Matter-Playtest 3 - v1/minecraft/logs/latest.log
tickBehindWarnings=0 maxTickBehindMs=0 fpsSamples=0 fpsMin= fpsAvg= fpsMax=
peakRssMiB=11751 peakRssGiB=11.48
17/123 cluster_055 jars=3 peak=11.476GiB delta=+2.245 marker=sampled_timeout

=== cluster_059 ===
disabled TravelersTitles-1.20-Forge-4.0.2.jar
disabled YungsApi-1.20-Forge-4.0.6.jar
marker=sampled_timeout elapsed=91 java_pid=67340 profile=/home/gerald/obelisks/docs/memory_variants/cluster_cross_section_20260501-190050/cluster_059.jsonl log=/home/gerald/.local/share/PrismLauncher/instances/Bound to Matter-Playtest 3 - v1/minecraft/logs/latest.log
56:[01May2026 19:26:52.999] [main/INFO] [Puzzles Lib/]: Loading 356 mods:
tickBehindWarnings=0 maxTickBehindMs=0 fpsSamples=0 fpsMin= fpsAvg= fpsMax=
peakRssMiB=11910 peakRssGiB=11.63
18/123 cluster_059 jars=2 peak=11.631GiB delta=+2.090 marker=sampled_timeout

=== cluster_060 ===
disabled sophisticatedstorageinmotion-1.20.1-0.10.28.198.jar
disabled sophisticatedbackpacks-1.20.1-3.24.35.1675.jar
disabled sophisticatedcore-1.20.1-1.3.21.1676.jar
disabled sophisticatedstorage-1.20.1-1.4.39.1666.jar
marker=sampled_timeout elapsed=92 java_pid=69090 profile=/home/gerald/obelisks/docs/memory_variants/cluster_cross_section_20260501-190050/cluster_060.jsonl log=/home/gerald/.local/share/PrismLauncher/instances/Bound to Matter-Playtest 3 - v1/minecraft/logs/latest.log
56:[01May2026 19:28:25.828] [main/INFO] [Puzzles Lib/]: Loading 354 mods:
tickBehindWarnings=0 maxTickBehindMs=0 fpsSamples=0 fpsMin= fpsAvg= fpsMax=
peakRssMiB=13964 peakRssGiB=13.64
19/123 cluster_060 jars=4 peak=13.637GiB delta=+0.084 marker=sampled_timeout

=== cluster_062 ===
disabled dynamicassetgenerator-forge-1.20.1-4.2.2.jar
disabled excavatedvariants-neoforge-1.20.1-3.0.9.jar
marker=sampled_timeout elapsed=91 java_pid=70674 profile=/home/gerald/obelisks/docs/memory_variants/cluster_cross_section_20260501-190050/cluster_062.jsonl log=/home/gerald/.local/share/PrismLauncher/instances/Bound to Matter-Playtest 3 - v1/minecraft/logs/latest.log
56:[01May2026 19:30:00.018] [main/INFO] [Puzzles Lib/]: Loading 355 mods:
tickBehindWarnings=0 maxTickBehindMs=0 fpsSamples=0 fpsMin= fpsAvg= fpsMax=
peakRssMiB=12778 peakRssGiB=12.48
20/123 cluster_062 jars=2 peak=12.479GiB delta=+1.242 marker=sampled_timeout

=== cluster_067 ===
disabled realisticphysics-1.20.1-1.0.1.jar
disabled rbp-1.20.1-1.0.0.jar
marker=sampled_timeout elapsed=90 java_pid=72253 profile=/home/gerald/obelisks/docs/memory_variants/cluster_cross_section_20260501-190050/cluster_067.jsonl log=/home/gerald/.local/share/PrismLauncher/instances/Bound to Matter-Playtest 3 - v1/minecraft/logs/latest.log
56:[01May2026 19:31:33.893] [main/INFO] [Puzzles Lib/]: Loading 356 mods:
tickBehindWarnings=0 maxTickBehindMs=0 fpsSamples=0 fpsMin= fpsAvg= fpsMax=
peakRssMiB=14772 peakRssGiB=14.43
21/123 cluster_067 jars=2 peak=14.426GiB delta=-0.705 marker=sampled_timeout

=== cluster_080 ===
disabled coroutil-forge-1.20.1-1.3.7.jar
disabled weather2-1.20.1-2.8.3.jar
marker=sampled_timeout elapsed=91 java_pid=74219 profile=/home/gerald/obelisks/docs/memory_variants/cluster_cross_section_20260501-190050/cluster_080.jsonl log=/home/gerald/.local/share/PrismLauncher/instances/Bound to Matter-Playtest 3 - v1/minecraft/logs/latest.log
56:[01May2026 19:33:06.089] [main/INFO] [Puzzles Lib/]: Loading 356 mods:
tickBehindWarnings=0 maxTickBehindMs=0 fpsSamples=0 fpsMin= fpsAvg= fpsMax=
peakRssMiB=14298 peakRssGiB=13.96
22/123 cluster_080 jars=2 peak=13.963GiB delta=-0.242 marker=sampled_timeout

=== cluster_104 ===
disabled Towns-and-Towers-1.12-Fabric+Forge.jar
disabled cristellib-1.1.6-forge.jar
marker=sampled_timeout elapsed=90 java_pid=75755 profile=/home/gerald/obelisks/docs/memory_variants/cluster_cross_section_20260501-190050/cluster_104.jsonl log=/home/gerald/.local/share/PrismLauncher/instances/Bound to Matter-Playtest 3 - v1/minecraft/logs/latest.log
56:[01May2026 19:34:40.117] [main/INFO] [Puzzles Lib/]: Loading 356 mods:
tickBehindWarnings=0 maxTickBehindMs=0 fpsSamples=0 fpsMin= fpsAvg= fpsMax=
peakRssMiB=14531 peakRssGiB=14.19
23/123 cluster_104 jars=2 peak=14.190GiB delta=-0.470 marker=sampled_timeout

=== cluster_110 ===
disabled BetterGrassify-1.4.4+forge.1.20.1.jar
disabled fabric-api-0.92.6+1.11.14+1.20.1.jar
marker=sampled_timeout elapsed=91 java_pid=77285 profile=/home/gerald/obelisks/docs/memory_variants/cluster_cross_section_20260501-190050/cluster_110.jsonl log=/home/gerald/.local/share/PrismLauncher/instances/Bound to Matter-Playtest 3 - v1/minecraft/logs/latest.log
50:[01May2026 19:36:10.666] [main/INFO] [Puzzles Lib/]: Loading 314 mods:
tickBehindWarnings=0 maxTickBehindMs=0 fpsSamples=0 fpsMin= fpsAvg= fpsMax=
peakRssMiB=12937 peakRssGiB=12.63
24/123 cluster_110 jars=2 peak=12.634GiB delta=+1.087 marker=sampled_timeout

=== cluster_single_025 ===
disabled Block Swap-forge-1.20.1-5.0.0.0.jar
marker=sampled_timeout elapsed=90 java_pid=78860 profile=/home/gerald/obelisks/docs/memory_variants/cluster_cross_section_20260501-190050/cluster_single_025.jsonl log=/home/gerald/.local/share/PrismLauncher/instances/Bound to Matter-Playtest 3 - v1/minecraft/logs/latest.log
56:[01May2026 19:37:44.706] [main/INFO] [Puzzles Lib/]: Loading 357 mods:
tickBehindWarnings=0 maxTickBehindMs=0 fpsSamples=0 fpsMin= fpsAvg= fpsMax=
peakRssMiB=12308 peakRssGiB=12.02
25/123 cluster_single_025 jars=1 peak=12.020GiB delta=+1.701 marker=sampled_timeout
