* This is the StructMobWeight report file that is output every time the server starts.
* 
* Spawn Balance Utility (SBU) will use this file ONLY if it is renamed to StructMobWeight.csv.
* Lines starting with '*' are comments and ignored
* It allows you to add and remove mobs and adjust their spawnweights for Structures
* like shipwrecks, nether fortresses, water monuments, etc.
* 
1, more_critters:abandoned_bunbug_farm, HEADING, header:ignore, 0, 0, 0
2, structory:abandoned_camp, HEADING, header:ignore, 0, 0, 0
3, structory:abandoned_chapel, HEADING, header:ignore, 0, 0, 0
4, alexscaves:abyssal_ruins, HEADING, header:ignore, 0, 0, 0
5, alexscaves:abyssal_ruins, MONSTER, alexscaves:mine_guardian, 20, 1, 2
6, alexscaves:acid_pit, HEADING, header:ignore, 0, 0, 0
7, cataclysm:acropolis, HEADING, header:ignore, 0, 0, 0
8, minecraft:ancient_city, HEADING, header:ignore, 0, 0, 0
9, repurposed_structures:ancient_city_end, HEADING, header:ignore, 0, 0, 0
10, repurposed_structures:ancient_city_end, MONSTER, minecraft:phantom, 10, 1, 1
11, repurposed_structures:ancient_city_end, MONSTER, minecraft:endermite, 10, 3, 7
12, repurposed_structures:ancient_city_nether, HEADING, header:ignore, 0, 0, 0
13, repurposed_structures:ancient_city_nether, MONSTER, minecraft:ghast, 10, 6, 10
14, repurposed_structures:ancient_city_nether, MONSTER, minecraft:wither_skeleton, 10, 1, 3
15, repurposed_structures:ancient_city_nether, MONSTER, mekanismadditions:baby_wither_skeleton, 10, 1, 2
16, repurposed_structures:ancient_city_ocean, HEADING, header:ignore, 0, 0, 0
17, repurposed_structures:ancient_city_ocean, MONSTER, minecraft:drowned, 10, 2, 5
18, philipsruins:ancient_crypt, HEADING, header:ignore, 0, 0, 0
19, philipsruins:ancient_dungeon, HEADING, header:ignore, 0, 0, 0
20, philipsruins:ancient_dungeon, MONSTER, minecraft:zombie, 10, 4, 12
21, unusualend:ancient_end_tower, HEADING, header:ignore, 0, 0, 0
22, cataclysm:ancient_factory, HEADING, header:ignore, 0, 0, 0
23, philipsruins:ancient_ruins, HEADING, header:ignore, 0, 0, 0
24, philipsruins:ancient_ruins, MONSTER, minecraft:zombie, 12, 10, 20
25, philipsruins:ancient_ruins, MONSTER, minecraft:skeleton, 12, 10, 20
26, philipsruins:ancient_ruins, MONSTER, mekanismadditions:baby_skeleton, 10, 5, 10
27, deeperdarker:ancient_temple, HEADING, header:ignore, 0, 0, 0
28, philipsruins:ancient_towers, HEADING, header:ignore, 0, 0, 0
29, philipsruins:ancient_towers, MONSTER, minecraft:zombie, 12, 5, 20
30, philipsruins:antiquus_crypta, HEADING, header:ignore, 0, 0, 0
31, philipsruins:antiquus_crypta, MONSTER, minecraft:skeleton, 15, 5, 15
32, philipsruins:antiquus_crypta, MONSTER, minecraft:zombie, 15, 7, 15
33, philipsruins:antiquus_crypta, MONSTER, mekanismadditions:baby_skeleton, 10, 3, 8
34, philipsruins:badlands_start_dungeon, HEADING, header:ignore, 0, 0, 0
35, philipsruins:badlands_structures, HEADING, header:ignore, 0, 0, 0
36, minecraft:bastion_remnant, HEADING, header:ignore, 0, 0, 0
37, repurposed_structures:bastion_underground, HEADING, header:ignore, 0, 0, 0
38, repurposed_structures:bastion_underground, MONSTER, minecraft:skeleton, 10, 1, 4
39, repurposed_structures:bastion_underground, MONSTER, mekanismadditions:baby_skeleton, 10, 1, 2
40, valhelsia_structures:big_tree, HEADING, header:ignore, 0, 0, 0
41, structory:boat, HEADING, header:ignore, 0, 0, 0
42, philipsruins:bone_dungeon, HEADING, header:ignore, 0, 0, 0
43, philipsruins:bone_dungeon, MONSTER, minecraft:skeleton, 10, 2, 8
44, philipsruins:bone_dungeon, MONSTER, minecraft:husk, 10, 5, 10
45, philipsruins:bone_dungeon, MONSTER, mekanismadditions:baby_skeleton, 10, 1, 4
46, fallout_wastelands_:bosbunker, HEADING, header:ignore, 0, 0, 0
47, aether:bronze_dungeon, HEADING, header:ignore, 0, 0, 0
48, minecraft:buried_treasure, HEADING, header:ignore, 0, 0, 0
49, cataclysm:burning_arena, HEADING, header:ignore, 0, 0, 0
50, alexscaves:cake_cave, HEADING, header:ignore, 0, 0, 0
51, fallout_wastelands_:cannibal_house_01, HEADING, header:ignore, 0, 0, 0
52, fallout_wastelands_:cannibalcave_01, HEADING, header:ignore, 0, 0, 0
53, valhelsia_structures:castle, HEADING, header:ignore, 0, 0, 0
54, valhelsia_structures:castle_ruin, HEADING, header:ignore, 0, 0, 0
55, undergarden:catacombs, HEADING, header:ignore, 0, 0, 0
56, undergarden:catacombs, MONSTER, undergarden:forgotten, 10, 1, 1
57, fdbosses:chesed_arena, HEADING, header:ignore, 0, 0, 0
58, unusualend:chorus_cane, HEADING, header:ignore, 0, 0, 0
59, repurposed_structures:city_nether, HEADING, header:ignore, 0, 0, 0
60, repurposed_structures:city_nether, MONSTER, minecraft:wither_skeleton, 10, 2, 3
61, repurposed_structures:city_nether, MONSTER, minecraft:blaze, 80, 1, 4
62, repurposed_structures:city_nether, MONSTER, mekanismadditions:baby_wither_skeleton, 10, 1, 2
63, repurposed_structures:city_overworld, HEADING, header:ignore, 0, 0, 0
64, born_in_chaos_v1:clown_caravan_plains, HEADING, header:ignore, 0, 0, 0
65, born_in_chaos_v1:clown_caravan_savanna, HEADING, header:ignore, 0, 0, 0
66, born_in_chaos_v1:clown_caravan_taiga, HEADING, header:ignore, 0, 0, 0
67, more_critters:collector_wagon_badlands, HEADING, header:ignore, 0, 0, 0
68, more_critters:collector_wagon_desert, HEADING, header:ignore, 0, 0, 0
69, more_critters:collector_wagon_jungle, HEADING, header:ignore, 0, 0, 0
70, more_critters:collector_wagon_ocean, HEADING, header:ignore, 0, 0, 0
71, more_critters:collector_wagon_plains, HEADING, header:ignore, 0, 0, 0
72, more_critters:collector_wagon_savanna, HEADING, header:ignore, 0, 0, 0
73, more_critters:collector_wagon_swamp, HEADING, header:ignore, 0, 0, 0
74, more_critters:collector_wagon_taiga, HEADING, header:ignore, 0, 0, 0
75, more_critters:collector_wagon_tundra, HEADING, header:ignore, 0, 0, 0
76, companions:companions_babayaga, HEADING, header:ignore, 0, 0, 0
77, companions:companions_babayaga, CREATURE, minecraft:pillager, 10, 1, 1
78, companions:companions_babayaga, CREATURE, minecraft:witch, 10, 1, 1
79, companions:companions_factory, HEADING, header:ignore, 0, 0, 0
80, companions:companions_factory, CREATURE, minecraft:pillager, 10, 1, 2
81, companions:companions_monkey_temple, HEADING, header:ignore, 0, 0, 0
82, companions:companions_teddytower, HEADING, header:ignore, 0, 0, 0
83, companions:companions_teddytower, CREATURE, minecraft:pillager, 10, 1, 1
84, companions:companions_teddytower, CREATURE, minecraft:witch, 10, 1, 1
85, companions:companions_teddytower, CREATURE, minecraft:evoker, 10, 1, 1
86, companions:companions_tent, HEADING, header:ignore, 0, 0, 0
87, cataclysm:cursed_pyramid, HEADING, header:ignore, 0, 0, 0
88, born_in_chaos_v1:dark_tower_forest, HEADING, header:ignore, 0, 0, 0
89, born_in_chaos_v1:dark_tower_plain, HEADING, header:ignore, 0, 0, 0
90, born_in_chaos_v1:dark_tower_taiga, HEADING, header:ignore, 0, 0, 0
91, valhelsia_structures:deep_spawner_room, HEADING, header:ignore, 0, 0, 0
92, structory:dense_forest_ruin, HEADING, header:ignore, 0, 0, 0
93, valhelsia_structures:desert_house, HEADING, header:ignore, 0, 0, 0
94, minecraft:desert_pyramid, HEADING, header:ignore, 0, 0, 0
95, philipsruins:desert_structures, HEADING, header:ignore, 0, 0, 0
96, philipsruins:desert_structures, MONSTER, minecraft:husk, 15, 5, 15
97, alexscaves:dino_bowl, HEADING, header:ignore, 0, 0, 0
98, alexscaves:donut_arch, HEADING, header:ignore, 0, 0, 0
99, nullscape:dragon_skeleton, HEADING, header:ignore, 0, 0, 0
100, block_factorys_bosses:dragon_tower, HEADING, header:ignore, 0, 0, 0
101, minecraft:end_city, HEADING, header:ignore, 0, 0, 0
102, minecraft:end_city, MONSTER, alexsmobs:mimicube, 40, 1, 3
103, philipsruins:end_gate_fortress, HEADING, header:ignore, 0, 0, 0
104, philipsruins:end_gate_fortress, MONSTER, minecraft:enderman, 15, 5, 15
105, philipsruins:end_gate_fortress, MONSTER, mekanismadditions:baby_enderman, 10, 3, 8
106, unusualend:end_house, HEADING, header:ignore, 0, 0, 0
107, philipsruins:end_ruins, HEADING, header:ignore, 0, 0, 0
108, blue_skies:everbright_blinding_dungeon, HEADING, header:ignore, 0, 0, 0
109, blue_skies:everdawn_blinding_dungeon, HEADING, header:ignore, 0, 0, 0
110, towns_and_towers:exclusives/pillager_outpost_classic, HEADING, header:ignore, 0, 0, 0
111, towns_and_towers:exclusives/pillager_outpost_classic, MONSTER, minecraft:pillager, 10, 1, 2
112, towns_and_towers:exclusives/pillager_outpost_iberian, HEADING, header:ignore, 0, 0, 0
113, towns_and_towers:exclusives/pillager_outpost_iberian, MONSTER, minecraft:pillager, 10, 1, 2
114, towns_and_towers:exclusives/pillager_outpost_mediterranean, HEADING, header:ignore, 0, 0, 0
115, towns_and_towers:exclusives/pillager_outpost_mediterranean, MONSTER, minecraft:pillager, 10, 1, 2
116, towns_and_towers:exclusives/pillager_outpost_oriental, HEADING, header:ignore, 0, 0, 0
117, towns_and_towers:exclusives/pillager_outpost_oriental, MONSTER, minecraft:pillager, 10, 1, 2
118, towns_and_towers:exclusives/pillager_outpost_rustic, HEADING, header:ignore, 0, 0, 0
119, towns_and_towers:exclusives/pillager_outpost_rustic, MONSTER, minecraft:pillager, 10, 1, 2
120, towns_and_towers:exclusives/pillager_outpost_swedish, HEADING, header:ignore, 0, 0, 0
121, towns_and_towers:exclusives/pillager_outpost_swedish, MONSTER, minecraft:pillager, 10, 1, 2
122, towns_and_towers:exclusives/pillager_outpost_tudor, HEADING, header:ignore, 0, 0, 0
123, towns_and_towers:exclusives/pillager_outpost_tudor, MONSTER, minecraft:pillager, 10, 1, 2
124, towns_and_towers:exclusives/village_classic, HEADING, header:ignore, 0, 0, 0
125, towns_and_towers:exclusives/village_iberian, HEADING, header:ignore, 0, 0, 0
126, towns_and_towers:exclusives/village_mediterranean, HEADING, header:ignore, 0, 0, 0
127, towns_and_towers:exclusives/village_nilotic, HEADING, header:ignore, 0, 0, 0
128, towns_and_towers:exclusives/village_piglin, HEADING, header:ignore, 0, 0, 0
129, towns_and_towers:exclusives/village_piglin, MONSTER, minecraft:piglin, 10, 6, 8
130, towns_and_towers:exclusives/village_piglin, MONSTER, minecraft:piglin_brute, 10, 2, 3
131, towns_and_towers:exclusives/village_rustic, HEADING, header:ignore, 0, 0, 0
132, towns_and_towers:exclusives/village_swedish, HEADING, header:ignore, 0, 0, 0
133, towns_and_towers:exclusives/village_tudor, HEADING, header:ignore, 0, 0, 0
134, towns_and_towers:exclusives/village_wandering_trader_camp, HEADING, header:ignore, 0, 0, 0
135, fallout_wastelands_:factory, HEADING, header:ignore, 0, 0, 0
136, born_in_chaos_v1:farm, HEADING, header:ignore, 0, 0, 0
137, alexscaves:ferrocave, HEADING, header:ignore, 0, 0, 0
138, philipsruins:field_stone_ruins, HEADING, header:ignore, 0, 0, 0
139, philipsruins:field_stone_ruins, MONSTER, minecraft:skeleton, 10, 2, 10
140, philipsruins:field_stone_ruins, MONSTER, minecraft:zombie, 12, 5, 12
141, philipsruins:field_stone_ruins, MONSTER, mekanismadditions:baby_skeleton, 10, 1, 5
142, philipsruins:field_stone_ruins_rocks, HEADING, header:ignore, 0, 0, 0
143, unusualend:firefly_nest, HEADING, header:ignore, 0, 0, 0
144, structory:firetower, HEADING, header:ignore, 0, 0, 0
145, born_in_chaos_v1:firewell, HEADING, header:ignore, 0, 0, 0
146, unusualend:flying_end_ship, HEADING, header:ignore, 0, 0, 0
147, unusualend:flying_end_ship, MONSTER, unusualend:undead_enderling, 10, 3, 5
148, valhelsia_structures:forge, HEADING, header:ignore, 0, 0, 0
149, undergarden:forgotten_vestige, HEADING, header:ignore, 0, 0, 0
150, alexscaves:forlorn_bridge, HEADING, header:ignore, 0, 0, 0
151, alexscaves:forlorn_canyon, HEADING, header:ignore, 0, 0, 0
152, minecraft:fortress, HEADING, header:ignore, 0, 0, 0
153, minecraft:fortress, MONSTER, minecraft:blaze, 10, 2, 3
154, minecraft:fortress, MONSTER, minecraft:zombified_piglin, 10, 4, 4
155, minecraft:fortress, MONSTER, minecraft:wither_skeleton, 10, 5, 5
156, minecraft:fortress, MONSTER, minecraft:skeleton, 10, 5, 5
157, minecraft:fortress, MONSTER, minecraft:magma_cube, 10, 4, 4
158, minecraft:fortress, MONSTER, cataclysm:ignited_berserker, 10, 1, 1
159, minecraft:fortress, MONSTER, mekanismadditions:baby_skeleton, 10, 3, 3
160, minecraft:fortress, MONSTER, mekanismadditions:baby_wither_skeleton, 10, 3, 3
161, repurposed_structures:fortress_jungle, HEADING, header:ignore, 0, 0, 0
162, repurposed_structures:fortress_jungle, MONSTER, minecraft:wither_skeleton, 10, 1, 1
163, repurposed_structures:fortress_jungle, MONSTER, minecraft:skeleton, 10, 1, 3
164, repurposed_structures:fortress_jungle, MONSTER, minecraft:zombie, 10, 1, 4
165, repurposed_structures:fortress_jungle, MONSTER, minecraft:spider, 10, 1, 3
166, repurposed_structures:fortress_jungle, MONSTER, minecraft:creeper, 10, 1, 2
167, repurposed_structures:fortress_jungle, MONSTER, minecraft:enderman, 10, 1, 2
168, repurposed_structures:fortress_jungle, MONSTER, minecraft:witch, 10, 1, 2
169, repurposed_structures:fortress_jungle, MONSTER, mekanismadditions:baby_creeper, 10, 1, 1
170, repurposed_structures:fortress_jungle, MONSTER, mekanismadditions:baby_enderman, 10, 1, 1
171, repurposed_structures:fortress_jungle, MONSTER, mekanismadditions:baby_skeleton, 10, 1, 2
172, repurposed_structures:fortress_jungle, MONSTER, mekanismadditions:baby_wither_skeleton, 10, 1, 1
173, cataclysm:frosted_prison, HEADING, header:ignore, 0, 0, 0
174, blue_skies:frozen_bunker, HEADING, header:ignore, 0, 0, 0
175, blue_skies:gatekeeper_house_mountain, HEADING, header:ignore, 0, 0, 0
176, blue_skies:gatekeeper_house_plains, HEADING, header:ignore, 0, 0, 0
177, blue_skies:gatekeeper_house_snowy, HEADING, header:ignore, 0, 0, 0
178, bosses_of_mass_destruction:gauntlet_arena, HEADING, header:ignore, 0, 0, 0
179, more_critters:ghost_ship, HEADING, header:ignore, 0, 0, 0
180, fallout_wastelands_:ghoulfarm_01, HEADING, header:ignore, 0, 0, 0
181, alexscaves:gingerbread_town, HEADING, header:ignore, 0, 0, 0
182, alexscaves:gingerbread_town, MONSTER, alexscaves:gingerbread_man, 80, 4, 4
183, unusualend:gloopy_nest, HEADING, header:ignore, 0, 0, 0
184, aether:gold_dungeon, HEADING, header:ignore, 0, 0, 0
185, iceandfire:gorgon_temple, HEADING, header:ignore, 0, 0, 0
186, born_in_chaos_v1:grave_2003wise, HEADING, header:ignore, 0, 0, 0
187, born_in_chaos_v1:grave_2_dling, HEADING, header:ignore, 0, 0, 0
188, born_in_chaos_v1:grave_d_4rk_devil_x, HEADING, header:ignore, 0, 0, 0
189, born_in_chaos_v1:grave_darktitan, HEADING, header:ignore, 0, 0, 0
190, born_in_chaos_v1:grave_derivas, HEADING, header:ignore, 0, 0, 0
191, born_in_chaos_v1:grave_euthymia, HEADING, header:ignore, 0, 0, 0
192, born_in_chaos_v1:grave_feral, HEADING, header:ignore, 0, 0, 0
193, born_in_chaos_v1:grave_fubuki_banzai, HEADING, header:ignore, 0, 0, 0
194, born_in_chaos_v1:grave_memesus, HEADING, header:ignore, 0, 0, 0
195, born_in_chaos_v1:grave_mike_and_rory, HEADING, header:ignore, 0, 0, 0
196, born_in_chaos_v1:grave_nino_4416, HEADING, header:ignore, 0, 0, 0
197, born_in_chaos_v1:grave_orion, HEADING, header:ignore, 0, 0, 0
198, born_in_chaos_v1:grave_petasi, HEADING, header:ignore, 0, 0, 0
199, born_in_chaos_v1:grave_plug, HEADING, header:ignore, 0, 0, 0
200, born_in_chaos_v1:grave_rotborne, HEADING, header:ignore, 0, 0, 0
201, born_in_chaos_v1:grave_somfunambulist, HEADING, header:ignore, 0, 0, 0
202, born_in_chaos_v1:grave_tem_187, HEADING, header:ignore, 0, 0, 0
203, born_in_chaos_v1:grave_the_gentleman_frog, HEADING, header:ignore, 0, 0, 0
204, born_in_chaos_v1:gravecarrionexe, HEADING, header:ignore, 0, 0, 0
205, iceandfire:graveyard, HEADING, header:ignore, 0, 0, 0
206, structory:graveyard, HEADING, header:ignore, 0, 0, 0
207, minecraft:igloo, HEADING, header:ignore, 0, 0, 0
208, repurposed_structures:igloo_grassy, HEADING, header:ignore, 0, 0, 0
209, repurposed_structures:igloo_mangrove, HEADING, header:ignore, 0, 0, 0
210, repurposed_structures:igloo_mushroom, HEADING, header:ignore, 0, 0, 0
211, repurposed_structures:igloo_stone, HEADING, header:ignore, 0, 0, 0
212, born_in_chaos_v1:infernal_pumpkin, HEADING, header:ignore, 0, 0, 0
213, minecraft:jungle_pyramid, HEADING, header:ignore, 0, 0, 0
214, structory:jungle_ruin, HEADING, header:ignore, 0, 0, 0
215, structory:jungle_ruin, MONSTER, minecraft:creeper, 10, 4, 4
216, structory:jungle_ruin, MONSTER, mekanismadditions:baby_creeper, 10, 2, 2
217, aether:large_aercloud, HEADING, header:ignore, 0, 0, 0
218, philipsruins:level_one_ruins, HEADING, header:ignore, 0, 0, 0
219, philipsruins:level_one_ruins, MONSTER, minecraft:skeleton, 10, 2, 10
220, philipsruins:level_one_ruins, MONSTER, minecraft:zombie, 12, 5, 12
221, philipsruins:level_one_ruins, MONSTER, mekanismadditions:baby_skeleton, 10, 1, 5
222, philipsruins:level_three_ruins, HEADING, header:ignore, 0, 0, 0
223, philipsruins:level_two_ruins, HEADING, header:ignore, 0, 0, 0
224, philipsruins:level_two_ruins_pool, HEADING, header:ignore, 0, 0, 0
225, bosses_of_mass_destruction:lich_tower, HEADING, header:ignore, 0, 0, 0
226, alexscaves:licowitch_tower, HEADING, header:ignore, 0, 0, 0
227, alexscaves:licowitch_tower, MONSTER, alexscaves:licowitch, 70, 1, 1
228, alexscaves:licowitch_tower, MONSTER, minecraft:witch, 30, 1, 1
229, fallout_wastelands_:lobotomitefactory_1, HEADING, header:ignore, 0, 0, 0
230, philipsruins:lost_soul_city, HEADING, header:ignore, 0, 0, 0
231, philipsruins:lost_soul_city, MONSTER, minecraft:wither_skeleton, 10, 1, 2
232, philipsruins:lost_soul_city, MONSTER, mekanismadditions:baby_wither_skeleton, 10, 1, 1
233, philipsruins:lost_soul_dungeon, HEADING, header:ignore, 0, 0, 0
234, philipsruins:lost_soul_dungeon, MONSTER, minecraft:wither_skeleton, 10, 1, 5
235, philipsruins:lost_soul_dungeon, MONSTER, mekanismadditions:baby_wither_skeleton, 10, 1, 3
236, fdbosses:malkuth_arena, HEADING, header:ignore, 0, 0, 0
237, minecraft:mansion, HEADING, header:ignore, 0, 0, 0
238, repurposed_structures:mansion_birch, HEADING, header:ignore, 0, 0, 0
239, repurposed_structures:mansion_desert, HEADING, header:ignore, 0, 0, 0
240, repurposed_structures:mansion_jungle, HEADING, header:ignore, 0, 0, 0
241, repurposed_structures:mansion_mangrove, HEADING, header:ignore, 0, 0, 0
242, repurposed_structures:mansion_oak, HEADING, header:ignore, 0, 0, 0
243, repurposed_structures:mansion_savanna, HEADING, header:ignore, 0, 0, 0
244, repurposed_structures:mansion_snowy, HEADING, header:ignore, 0, 0, 0
245, repurposed_structures:mansion_taiga, HEADING, header:ignore, 0, 0, 0
246, iceandfire:mausoleum, HEADING, header:ignore, 0, 0, 0
247, ae2:meteorite, HEADING, header:ignore, 0, 0, 0
248, more_critters:mightshroom_burial, HEADING, header:ignore, 0, 0, 0
249, fallout_wastelands_:militarybase_1, HEADING, header:ignore, 0, 0, 0
250, fallout_wastelands_:militarycenter_1, HEADING, header:ignore, 0, 0, 0
251, fallout_wastelands_:militarytrain_01, HEADING, header:ignore, 0, 0, 0
252, towns_and_towers:mimic_desert, HEADING, header:ignore, 0, 0, 0
253, minecraft:mineshaft, HEADING, header:ignore, 0, 0, 0
254, minecraft:mineshaft, AMBIENT, alexsmobs:underminer, 50, 1, 1
255, repurposed_structures:mineshaft_birch, HEADING, header:ignore, 0, 0, 0
256, repurposed_structures:mineshaft_birch, AMBIENT, alexsmobs:underminer, 50, 1, 1
257, repurposed_structures:mineshaft_crimson, HEADING, header:ignore, 0, 0, 0
258, repurposed_structures:mineshaft_crimson, AMBIENT, alexsmobs:underminer, 50, 1, 1
259, repurposed_structures:mineshaft_dark_forest, HEADING, header:ignore, 0, 0, 0
260, repurposed_structures:mineshaft_dark_forest, AMBIENT, alexsmobs:underminer, 50, 1, 1
261, repurposed_structures:mineshaft_desert, HEADING, header:ignore, 0, 0, 0
262, repurposed_structures:mineshaft_desert, AMBIENT, alexsmobs:underminer, 50, 1, 1
263, repurposed_structures:mineshaft_end, HEADING, header:ignore, 0, 0, 0
264, repurposed_structures:mineshaft_end, MONSTER, minecraft:endermite, 10, 2, 5
265, repurposed_structures:mineshaft_end, MONSTER, minecraft:enderman, 10, 1, 3
266, repurposed_structures:mineshaft_end, MONSTER, mekanismadditions:baby_enderman, 10, 1, 2
267, repurposed_structures:mineshaft_end, AMBIENT, alexsmobs:underminer, 50, 1, 1
268, repurposed_structures:mineshaft_icy, HEADING, header:ignore, 0, 0, 0
269, repurposed_structures:mineshaft_icy, AMBIENT, alexsmobs:underminer, 50, 1, 1
270, repurposed_structures:mineshaft_jungle, HEADING, header:ignore, 0, 0, 0
271, repurposed_structures:mineshaft_jungle, AMBIENT, alexsmobs:underminer, 50, 1, 1
272, minecraft:mineshaft_mesa, HEADING, header:ignore, 0, 0, 0
273, minecraft:mineshaft_mesa, AMBIENT, alexsmobs:underminer, 50, 1, 1
274, repurposed_structures:mineshaft_nether, HEADING, header:ignore, 0, 0, 0
275, repurposed_structures:mineshaft_nether, AMBIENT, alexsmobs:underminer, 50, 1, 1
276, repurposed_structures:mineshaft_ocean, HEADING, header:ignore, 0, 0, 0
277, repurposed_structures:mineshaft_ocean, AMBIENT, alexsmobs:underminer, 50, 1, 1
278, repurposed_structures:mineshaft_savanna, HEADING, header:ignore, 0, 0, 0
279, repurposed_structures:mineshaft_savanna, AMBIENT, alexsmobs:underminer, 50, 1, 1
280, repurposed_structures:mineshaft_stone, HEADING, header:ignore, 0, 0, 0
281, repurposed_structures:mineshaft_stone, AMBIENT, alexsmobs:underminer, 50, 1, 1
282, repurposed_structures:mineshaft_swamp, HEADING, header:ignore, 0, 0, 0
283, repurposed_structures:mineshaft_swamp, AMBIENT, alexsmobs:underminer, 50, 1, 1
284, repurposed_structures:mineshaft_taiga, HEADING, header:ignore, 0, 0, 0
285, repurposed_structures:mineshaft_taiga, AMBIENT, alexsmobs:underminer, 50, 1, 1
286, repurposed_structures:mineshaft_warped, HEADING, header:ignore, 0, 0, 0
287, repurposed_structures:mineshaft_warped, AMBIENT, alexsmobs:underminer, 50, 1, 1
288, fallout_wastelands_:minimart, HEADING, header:ignore, 0, 0, 0
289, minecraft:monument, HEADING, header:ignore, 0, 0, 0
290, minecraft:monument, MONSTER, minecraft:guardian, 10, 2, 4
291, repurposed_structures:monument_desert, HEADING, header:ignore, 0, 0, 0
292, repurposed_structures:monument_desert, MONSTER, minecraft:husk, 20, 1, 4
293, repurposed_structures:monument_desert, MONSTER, minecraft:creeper, 15, 1, 2
294, repurposed_structures:monument_desert, MONSTER, minecraft:skeleton, 10, 1, 3
295, repurposed_structures:monument_desert, MONSTER, mekanismadditions:baby_creeper, 10, 1, 1
296, repurposed_structures:monument_desert, MONSTER, mekanismadditions:baby_skeleton, 10, 1, 2
297, repurposed_structures:monument_icy, HEADING, header:ignore, 0, 0, 0
298, repurposed_structures:monument_icy, MONSTER, minecraft:stray, 40, 1, 3
299, repurposed_structures:monument_icy, MONSTER, minecraft:vex, 10, 1, 2
300, repurposed_structures:monument_icy, MONSTER, mekanismadditions:baby_stray, 20, 1, 2
301, repurposed_structures:monument_jungle, HEADING, header:ignore, 0, 0, 0
302, repurposed_structures:monument_jungle, MONSTER, minecraft:husk, 20, 1, 4
303, repurposed_structures:monument_jungle, MONSTER, minecraft:creeper, 15, 1, 2
304, repurposed_structures:monument_jungle, MONSTER, minecraft:skeleton, 10, 1, 3
305, repurposed_structures:monument_jungle, MONSTER, mekanismadditions:baby_creeper, 10, 1, 1
306, repurposed_structures:monument_jungle, MONSTER, mekanismadditions:baby_skeleton, 10, 1, 2
307, repurposed_structures:monument_nether, HEADING, header:ignore, 0, 0, 0
308, repurposed_structures:monument_nether, MONSTER, minecraft:magma_cube, 20, 1, 3
309, repurposed_structures:monument_nether, MONSTER, minecraft:wither_skeleton, 10, 1, 3
310, repurposed_structures:monument_nether, MONSTER, minecraft:ghast, 10, 1, 1
311, repurposed_structures:monument_nether, MONSTER, mekanismadditions:baby_wither_skeleton, 10, 1, 2
312, born_in_chaos_v1:mound_of_hounds, HEADING, header:ignore, 0, 0, 0
313, blue_skies:nature_dungeon, HEADING, header:ignore, 0, 0, 0
314, blue_skies:nature_dungeon, MONSTER, blue_skies:stonelet, 10, 1, 1
315, blue_skies:nature_dungeon, MONSTER, blue_skies:spewter, 10, 1, 1
316, evenbetternether:nether_dungeon, HEADING, header:ignore, 0, 0, 0
317, netherdepthsupgrade:nether_fortress_piece, HEADING, header:ignore, 0, 0, 0
318, netherdepthsupgrade:nether_fortress_piece, WATER_AMBIENT, netherdepthsupgrade:blazefish, 10, 3, 4
319, minecraft:nether_fossil, HEADING, header:ignore, 0, 0, 0
320, minecraft:nether_fossil, MONSTER, alexsmobs:soul_vulture, 30, 1, 1
321, philipsruins:nether_lava_ruins, HEADING, header:ignore, 0, 0, 0
322, structory:northern_ruin, HEADING, header:ignore, 0, 0, 0
323, born_in_chaos_v1:observation_tower_forest, HEADING, header:ignore, 0, 0, 0
324, born_in_chaos_v1:observation_tower_plains, HEADING, header:ignore, 0, 0, 0
325, bosses_of_mass_destruction:obsidilith_arena, HEADING, header:ignore, 0, 0, 0
326, philipsruins:ocean_fortress, HEADING, header:ignore, 0, 0, 0
327, philipsruins:ocean_fortress, MONSTER, minecraft:guardian, 10, 2, 3
328, philipsruins:ocean_fortress, MONSTER, minecraft:drowned, 10, 5, 9
329, betteroceanmonuments:ocean_monument, HEADING, header:ignore, 0, 0, 0
330, betteroceanmonuments:ocean_monument, MONSTER, minecraft:guardian, 10, 2, 4
331, minecraft:ocean_ruin_cold, HEADING, header:ignore, 0, 0, 0
332, minecraft:ocean_ruin_warm, HEADING, header:ignore, 0, 0, 0
333, philipsruins:ocean_ruins, HEADING, header:ignore, 0, 0, 0
334, alexscaves:ocean_trench, HEADING, header:ignore, 0, 0, 0
335, structory:old_manor, HEADING, header:ignore, 0, 0, 0
336, structory:outcast_villager_desert, HEADING, header:ignore, 0, 0, 0
337, structory:outcast_villager_grassy, HEADING, header:ignore, 0, 0, 0
338, repurposed_structures:outpost_badlands, HEADING, header:ignore, 0, 0, 0
339, repurposed_structures:outpost_badlands, MONSTER, minecraft:pillager, 10, 1, 1
340, repurposed_structures:outpost_birch, HEADING, header:ignore, 0, 0, 0
341, repurposed_structures:outpost_birch, MONSTER, minecraft:pillager, 10, 1, 1
342, repurposed_structures:outpost_crimson, HEADING, header:ignore, 0, 0, 0
343, repurposed_structures:outpost_crimson, MONSTER, minecraft:piglin, 10, 1, 1
344, repurposed_structures:outpost_desert, HEADING, header:ignore, 0, 0, 0
345, repurposed_structures:outpost_desert, MONSTER, minecraft:pillager, 10, 1, 1
346, repurposed_structures:outpost_end, HEADING, header:ignore, 0, 0, 0
347, repurposed_structures:outpost_end, MONSTER, minecraft:phantom, 10, 1, 1
348, repurposed_structures:outpost_giant_tree_taiga, HEADING, header:ignore, 0, 0, 0
349, repurposed_structures:outpost_giant_tree_taiga, MONSTER, minecraft:pillager, 10, 1, 1
350, repurposed_structures:outpost_icy, HEADING, header:ignore, 0, 0, 0
351, repurposed_structures:outpost_icy, MONSTER, minecraft:pillager, 10, 1, 1
352, repurposed_structures:outpost_jungle, HEADING, header:ignore, 0, 0, 0
353, repurposed_structures:outpost_jungle, MONSTER, minecraft:pillager, 10, 1, 1
354, repurposed_structures:outpost_mangrove, HEADING, header:ignore, 0, 0, 0
355, repurposed_structures:outpost_mangrove, MONSTER, minecraft:pillager, 10, 1, 1
356, repurposed_structures:outpost_nether_brick, HEADING, header:ignore, 0, 0, 0
357, repurposed_structures:outpost_nether_brick, MONSTER, minecraft:piglin, 10, 1, 1
358, repurposed_structures:outpost_oak, HEADING, header:ignore, 0, 0, 0
359, repurposed_structures:outpost_oak, MONSTER, minecraft:pillager, 10, 1, 1
360, repurposed_structures:outpost_snowy, HEADING, header:ignore, 0, 0, 0
361, repurposed_structures:outpost_snowy, MONSTER, minecraft:pillager, 10, 1, 1
362, repurposed_structures:outpost_taiga, HEADING, header:ignore, 0, 0, 0
363, repurposed_structures:outpost_taiga, MONSTER, minecraft:pillager, 10, 1, 1
364, repurposed_structures:outpost_warped, HEADING, header:ignore, 0, 0, 0
365, repurposed_structures:outpost_warped, MONSTER, minecraft:piglin, 10, 1, 1
366, minecraft:pillager_outpost, HEADING, header:ignore, 0, 0, 0
367, minecraft:pillager_outpost, MONSTER, minecraft:pillager, 10, 1, 1
368, towns_and_towers:pillager_outpost_badlands, HEADING, header:ignore, 0, 0, 0
369, towns_and_towers:pillager_outpost_badlands, MONSTER, minecraft:pillager, 10, 1, 2
370, towns_and_towers:pillager_outpost_beach, HEADING, header:ignore, 0, 0, 0
371, towns_and_towers:pillager_outpost_beach, MONSTER, minecraft:pillager, 10, 1, 2
372, towns_and_towers:pillager_outpost_birch_forest, HEADING, header:ignore, 0, 0, 0
373, towns_and_towers:pillager_outpost_birch_forest, MONSTER, minecraft:pillager, 10, 1, 2
374, towns_and_towers:pillager_outpost_desert, HEADING, header:ignore, 0, 0, 0
375, towns_and_towers:pillager_outpost_desert, MONSTER, minecraft:pillager, 10, 1, 2
376, towns_and_towers:pillager_outpost_flower_forest, HEADING, header:ignore, 0, 0, 0
377, towns_and_towers:pillager_outpost_flower_forest, MONSTER, minecraft:pillager, 10, 1, 2
378, towns_and_towers:pillager_outpost_forest, HEADING, header:ignore, 0, 0, 0
379, towns_and_towers:pillager_outpost_forest, MONSTER, minecraft:pillager, 10, 1, 2
380, towns_and_towers:pillager_outpost_grove, HEADING, header:ignore, 0, 0, 0
381, towns_and_towers:pillager_outpost_grove, MONSTER, minecraft:pillager, 10, 1, 2
382, towns_and_towers:pillager_outpost_jungle, HEADING, header:ignore, 0, 0, 0
383, towns_and_towers:pillager_outpost_jungle, MONSTER, minecraft:pillager, 10, 1, 2
384, towns_and_towers:pillager_outpost_meadow, HEADING, header:ignore, 0, 0, 0
385, towns_and_towers:pillager_outpost_meadow, MONSTER, minecraft:pillager, 10, 1, 2
386, towns_and_towers:pillager_outpost_mushroom_fields, HEADING, header:ignore, 0, 0, 0
387, towns_and_towers:pillager_outpost_ocean, HEADING, header:ignore, 0, 0, 0
388, towns_and_towers:pillager_outpost_ocean, MONSTER, minecraft:pillager, 10, 1, 2
389, towns_and_towers:pillager_outpost_old_growth_taiga, HEADING, header:ignore, 0, 0, 0
390, towns_and_towers:pillager_outpost_old_growth_taiga, MONSTER, minecraft:pillager, 10, 1, 2
391, towns_and_towers:pillager_outpost_savanna, HEADING, header:ignore, 0, 0, 0
392, towns_and_towers:pillager_outpost_savanna, MONSTER, minecraft:pillager, 10, 1, 2
393, towns_and_towers:pillager_outpost_savanna_plateau, HEADING, header:ignore, 0, 0, 0
394, towns_and_towers:pillager_outpost_savanna_plateau, MONSTER, minecraft:pillager, 10, 1, 2
395, towns_and_towers:pillager_outpost_snowy_beach, HEADING, header:ignore, 0, 0, 0
396, towns_and_towers:pillager_outpost_snowy_beach, MONSTER, minecraft:pillager, 10, 1, 2
397, towns_and_towers:pillager_outpost_snowy_plains, HEADING, header:ignore, 0, 0, 0
398, towns_and_towers:pillager_outpost_snowy_plains, MONSTER, minecraft:pillager, 10, 1, 2
399, towns_and_towers:pillager_outpost_snowy_slopes, HEADING, header:ignore, 0, 0, 0
400, towns_and_towers:pillager_outpost_snowy_slopes, MONSTER, minecraft:pillager, 10, 1, 2
401, towns_and_towers:pillager_outpost_snowy_taiga, HEADING, header:ignore, 0, 0, 0
402, towns_and_towers:pillager_outpost_snowy_taiga, MONSTER, minecraft:pillager, 10, 1, 2
403, towns_and_towers:pillager_outpost_sparse_jungle, HEADING, header:ignore, 0, 0, 0
404, towns_and_towers:pillager_outpost_sparse_jungle, MONSTER, minecraft:pillager, 10, 1, 2
405, towns_and_towers:pillager_outpost_sunflower_plains, HEADING, header:ignore, 0, 0, 0
406, towns_and_towers:pillager_outpost_sunflower_plains, MONSTER, minecraft:pillager, 10, 1, 2
407, towns_and_towers:pillager_outpost_swamp, HEADING, header:ignore, 0, 0, 0
408, towns_and_towers:pillager_outpost_swamp, MONSTER, minecraft:pillager, 10, 1, 2
409, towns_and_towers:pillager_outpost_taiga, HEADING, header:ignore, 0, 0, 0
410, towns_and_towers:pillager_outpost_taiga, MONSTER, minecraft:pillager, 10, 1, 2
411, towns_and_towers:pillager_outpost_wooded_badlands, HEADING, header:ignore, 0, 0, 0
412, towns_and_towers:pillager_outpost_wooded_badlands, MONSTER, minecraft:pillager, 10, 1, 2
413, valhelsia_structures:player_house, HEADING, header:ignore, 0, 0, 0
414, blue_skies:poison_dungeon, HEADING, header:ignore, 0, 0, 0
415, blue_skies:poison_dungeon, MONSTER, minecraft:cave_spider, 10, 1, 1
416, blue_skies:poison_dungeon, MONSTER, blue_skies:venom_spider, 10, 1, 1
417, philipsruins:pumpkin_ruins, HEADING, header:ignore, 0, 0, 0
418, philipsruins:pumpkin_ruins, MONSTER, minecraft:skeleton, 10, 2, 10
419, philipsruins:pumpkin_ruins, MONSTER, minecraft:zombie, 12, 5, 12
420, philipsruins:pumpkin_ruins, MONSTER, mekanismadditions:baby_skeleton, 10, 1, 5
421, repurposed_structures:pyramid_badlands, HEADING, header:ignore, 0, 0, 0
422, repurposed_structures:pyramid_dark_forest, HEADING, header:ignore, 0, 0, 0
423, repurposed_structures:pyramid_end, HEADING, header:ignore, 0, 0, 0
424, repurposed_structures:pyramid_flower_forest, HEADING, header:ignore, 0, 0, 0
425, repurposed_structures:pyramid_giant_tree_taiga, HEADING, header:ignore, 0, 0, 0
426, repurposed_structures:pyramid_icy, HEADING, header:ignore, 0, 0, 0
427, repurposed_structures:pyramid_jungle, HEADING, header:ignore, 0, 0, 0
428, repurposed_structures:pyramid_mushroom, HEADING, header:ignore, 0, 0, 0
429, repurposed_structures:pyramid_nether, HEADING, header:ignore, 0, 0, 0
430, repurposed_structures:pyramid_ocean, HEADING, header:ignore, 0, 0, 0
431, repurposed_structures:pyramid_snowy, HEADING, header:ignore, 0, 0, 0
432, fallout_wastelands_:radiotower_1, HEADING, header:ignore, 0, 0, 0
433, fallout_wastelands_:radscorpioncave_1, HEADING, header:ignore, 0, 0, 0
434, fallout_wastelands_:raiderbase_01, HEADING, header:ignore, 0, 0, 0
435, fallout_wastelands_:raiderhourse_01, HEADING, header:ignore, 0, 0, 0
436, philipsruins:rare_ruin, HEADING, header:ignore, 0, 0, 0
437, structory:ruin_grassy, HEADING, header:ignore, 0, 0, 0
438, cataclysm:ruined_citadel, HEADING, header:ignore, 0, 0, 0
439, cataclysm:ruined_citadel, MONSTER, cataclysm:endermaptera, 10, 1, 1
440, minecraft:ruined_portal, HEADING, header:ignore, 0, 0, 0
441, minecraft:ruined_portal_desert, HEADING, header:ignore, 0, 0, 0
442, repurposed_structures:ruined_portal_end, HEADING, header:ignore, 0, 0, 0
443, minecraft:ruined_portal_jungle, HEADING, header:ignore, 0, 0, 0
444, minecraft:ruined_portal_mountain, HEADING, header:ignore, 0, 0, 0
445, minecraft:ruined_portal_nether, HEADING, header:ignore, 0, 0, 0
446, minecraft:ruined_portal_ocean, HEADING, header:ignore, 0, 0, 0
447, minecraft:ruined_portal_swamp, HEADING, header:ignore, 0, 0, 0
448, repurposed_structures:ruins_land_cold, HEADING, header:ignore, 0, 0, 0
449, repurposed_structures:ruins_land_hot, HEADING, header:ignore, 0, 0, 0
450, repurposed_structures:ruins_land_icy, HEADING, header:ignore, 0, 0, 0
451, repurposed_structures:ruins_land_warm, HEADING, header:ignore, 0, 0, 0
452, repurposed_structures:ruins_nether, HEADING, header:ignore, 0, 0, 0
453, block_factorys_bosses:sandworm_nest, HEADING, header:ignore, 0, 0, 0
454, fallout_wastelands_:scavangerhouse_01, HEADING, header:ignore, 0, 0, 0
455, fallout_wastelands_:scavangerhouse_02, HEADING, header:ignore, 0, 0, 0
456, fallout_wastelands_:scavangerhouse_03, HEADING, header:ignore, 0, 0, 0
457, fallout_wastelands_:scavangerhouse_04, HEADING, header:ignore, 0, 0, 0
458, fallout_wastelands_:scavangerhouse_05, HEADING, header:ignore, 0, 0, 0
459, fallout_wastelands_:scavangerhouse_06, HEADING, header:ignore, 0, 0, 0
460, philipsruins:sculk_dungeon, HEADING, header:ignore, 0, 0, 0
461, philipsruins:sealedruinedghaststatue1, HEADING, header:ignore, 0, 0, 0
462, minecraft:shipwreck, HEADING, header:ignore, 0, 0, 0
463, minecraft:shipwreck, MONSTER, alexsmobs:skelewag, 15, 1, 2
464, fallout_wastelands_:shipwreck_01, HEADING, header:ignore, 0, 0, 0
465, minecraft:shipwreck_beached, HEADING, header:ignore, 0, 0, 0
466, repurposed_structures:shipwreck_crimson, HEADING, header:ignore, 0, 0, 0
467, repurposed_structures:shipwreck_crimson, MONSTER, minecraft:wither_skeleton, 10, 1, 1
468, repurposed_structures:shipwreck_crimson, MONSTER, mekanismadditions:baby_wither_skeleton, 10, 1, 1
469, repurposed_structures:shipwreck_end, HEADING, header:ignore, 0, 0, 0
470, repurposed_structures:shipwreck_nether_bricks, HEADING, header:ignore, 0, 0, 0
471, repurposed_structures:shipwreck_nether_bricks, MONSTER, minecraft:wither_skeleton, 10, 1, 1
472, repurposed_structures:shipwreck_nether_bricks, MONSTER, mekanismadditions:baby_wither_skeleton, 10, 1, 1
473, repurposed_structures:shipwreck_warped, HEADING, header:ignore, 0, 0, 0
474, repurposed_structures:shipwreck_warped, MONSTER, minecraft:wither_skeleton, 10, 1, 1
475, repurposed_structures:shipwreck_warped, MONSTER, mekanismadditions:baby_wither_skeleton, 10, 1, 1
476, aether:silver_dungeon, HEADING, header:ignore, 0, 0, 0
477, betterdungeons:skeleton_dungeon, HEADING, header:ignore, 0, 0, 0
478, betterdungeons:skeleton_dungeon, MONSTER, minecraft:skeleton, 80, 4, 15
479, betterdungeons:skeleton_dungeon, MONSTER, mekanismadditions:baby_skeleton, 50, 2, 8
480, betterdungeons:small_dungeon, HEADING, header:ignore, 0, 0, 0
481, unusualend:small_gloopy_ruins, HEADING, header:ignore, 0, 0, 0
482, betterdungeons:small_nether_dungeon, HEADING, header:ignore, 0, 0, 0
483, alexscaves:soda_bottle, HEADING, header:ignore, 0, 0, 0
484, cataclysm:soul_black_smith, HEADING, header:ignore, 0, 0, 0
485, valhelsia_structures:spawner_dungeon, HEADING, header:ignore, 0, 0, 0
486, valhelsia_structures:spawner_room, HEADING, header:ignore, 0, 0, 0
487, betterdungeons:spider_dungeon, HEADING, header:ignore, 0, 0, 0
488, betterdungeons:spider_dungeon, MONSTER, minecraft:spider, 80, 4, 15
489, betterdungeons:spider_dungeon, MONSTER, minecraft:cave_spider, 50, 4, 8
490, philipsruins:start_nether_dungeon, HEADING, header:ignore, 0, 0, 0
491, philipsruins:start_nether_ruin, HEADING, header:ignore, 0, 0, 0
492, minecraft:stronghold, HEADING, header:ignore, 0, 0, 0
493, repurposed_structures:stronghold_end, HEADING, header:ignore, 0, 0, 0
494, repurposed_structures:stronghold_end, MONSTER, minecraft:endermite, 80, 2, 4
495, repurposed_structures:stronghold_nether, HEADING, header:ignore, 0, 0, 0
496, repurposed_structures:stronghold_nether, MONSTER, minecraft:blaze, 10, 2, 3
497, repurposed_structures:stronghold_nether, MONSTER, minecraft:zombified_piglin, 10, 4, 4
498, repurposed_structures:stronghold_nether, MONSTER, minecraft:wither_skeleton, 10, 5, 5
499, repurposed_structures:stronghold_nether, MONSTER, minecraft:skeleton, 10, 5, 5
500, repurposed_structures:stronghold_nether, MONSTER, minecraft:magma_cube, 10, 4, 4
501, repurposed_structures:stronghold_nether, MONSTER, mekanismadditions:baby_skeleton, 10, 3, 3
502, repurposed_structures:stronghold_nether, MONSTER, mekanismadditions:baby_wither_skeleton, 10, 3, 3
503, cataclysm:sunken_city, HEADING, header:ignore, 0, 0, 0
504, minecraft:swamp_hut, HEADING, header:ignore, 0, 0, 0
505, minecraft:swamp_hut, MONSTER, minecraft:witch, 10, 1, 1
506, minecraft:swamp_hut, CREATURE, minecraft:cat, 10, 1, 1
507, structory:swamp_ruin, HEADING, header:ignore, 0, 0, 0
508, structory:taiga_ruin_surface, HEADING, header:ignore, 0, 0, 0
509, structory:taiga_ruin_underground, HEADING, header:ignore, 0, 0, 0
510, repurposed_structures:temple_nether_basalt, HEADING, header:ignore, 0, 0, 0
511, repurposed_structures:temple_nether_crimson, HEADING, header:ignore, 0, 0, 0
512, repurposed_structures:temple_nether_soul, HEADING, header:ignore, 0, 0, 0
513, repurposed_structures:temple_nether_warped, HEADING, header:ignore, 0, 0, 0
514, repurposed_structures:temple_nether_wasteland, HEADING, header:ignore, 0, 0, 0
515, repurposed_structures:temple_ocean, HEADING, header:ignore, 0, 0, 0
516, repurposed_structures:temple_taiga, HEADING, header:ignore, 0, 0, 0
517, apotheosis:tower_leaf, HEADING, header:ignore, 0, 0, 0
518, apotheosis:tower_main, HEADING, header:ignore, 0, 0, 0
519, valhelsia_structures:tower_ruin, HEADING, header:ignore, 0, 0, 0
520, apotheosis:tower_sand, HEADING, header:ignore, 0, 0, 0
521, apotheosis:tower_spruce, HEADING, header:ignore, 0, 0, 0
522, minecraft:trail_ruins, HEADING, header:ignore, 0, 0, 0
523, alexscaves:underground_cabin, HEADING, header:ignore, 0, 0, 0
524, philipsruins:underground_structures, HEADING, header:ignore, 0, 0, 0
525, philipsruins:underground_structures, MONSTER, minecraft:wither_skeleton, 10, 1, 5
526, philipsruins:underground_structures, MONSTER, mekanismadditions:baby_wither_skeleton, 10, 1, 3
527, block_factorys_bosses:underworld_arena, HEADING, header:ignore, 0, 0, 0
528, block_factorys_bosses:underworld_arena, MONSTER, block_factorys_bosses:soul_skeleton, 10, 1, 3
529, block_factorys_bosses:underworld_arena, MONSTER, block_factorys_bosses:soul_knight_wither_skeleton, 10, 1, 3
530, alekiships:unfinished_rowboat_birch, HEADING, header:ignore, 0, 0, 0
531, alekiships:unfinished_rowboat_cherry, HEADING, header:ignore, 0, 0, 0
532, alekiships:unfinished_rowboat_dark_oak, HEADING, header:ignore, 0, 0, 0
533, alekiships:unfinished_rowboat_oak, HEADING, header:ignore, 0, 0, 0
534, alekiships:unfinished_rowboat_spruce, HEADING, header:ignore, 0, 0, 0
535, alekiships:unfinished_sloop_birch, HEADING, header:ignore, 0, 0, 0
536, alekiships:unfinished_sloop_cherry, HEADING, header:ignore, 0, 0, 0
537, alekiships:unfinished_sloop_dark_oak, HEADING, header:ignore, 0, 0, 0
538, alekiships:unfinished_sloop_oak, HEADING, header:ignore, 0, 0, 0
539, alekiships:unfinished_sloop_spruce, HEADING, header:ignore, 0, 0, 0
540, repurposed_structures:village_badlands, HEADING, header:ignore, 0, 0, 0
541, towns_and_towers:village_badlands, HEADING, header:ignore, 0, 0, 0
542, repurposed_structures:village_bamboo, HEADING, header:ignore, 0, 0, 0
543, towns_and_towers:village_beach, HEADING, header:ignore, 0, 0, 0
544, repurposed_structures:village_birch, HEADING, header:ignore, 0, 0, 0
545, towns_and_towers:village_birch_forest, HEADING, header:ignore, 0, 0, 0
546, blue_skies:village_brightlands, HEADING, header:ignore, 0, 0, 0
547, blue_skies:village_calming_skies, HEADING, header:ignore, 0, 0, 0
548, repurposed_structures:village_cherry, HEADING, header:ignore, 0, 0, 0
549, repurposed_structures:village_crimson, HEADING, header:ignore, 0, 0, 0
550, blue_skies:village_crystal_dunes, HEADING, header:ignore, 0, 0, 0
551, repurposed_structures:village_dark_forest, HEADING, header:ignore, 0, 0, 0
552, minecraft:village_desert, HEADING, header:ignore, 0, 0, 0
553, towns_and_towers:village_flower_forest, HEADING, header:ignore, 0, 0, 0
554, towns_and_towers:village_forest, HEADING, header:ignore, 0, 0, 0
555, repurposed_structures:village_giant_taiga, HEADING, header:ignore, 0, 0, 0
556, towns_and_towers:village_grove, HEADING, header:ignore, 0, 0, 0
557, repurposed_structures:village_jungle, HEADING, header:ignore, 0, 0, 0
558, towns_and_towers:village_jungle, HEADING, header:ignore, 0, 0, 0
559, towns_and_towers:village_meadow, HEADING, header:ignore, 0, 0, 0
560, repurposed_structures:village_mountains, HEADING, header:ignore, 0, 0, 0
561, repurposed_structures:village_mushroom, HEADING, header:ignore, 0, 0, 0
562, towns_and_towers:village_mushroom_fields, HEADING, header:ignore, 0, 0, 0
563, repurposed_structures:village_oak, HEADING, header:ignore, 0, 0, 0
564, repurposed_structures:village_ocean, HEADING, header:ignore, 0, 0, 0
565, towns_and_towers:village_ocean, HEADING, header:ignore, 0, 0, 0
566, towns_and_towers:village_old_growth_taiga, HEADING, header:ignore, 0, 0, 0
567, minecraft:village_plains, HEADING, header:ignore, 0, 0, 0
568, minecraft:village_savanna, HEADING, header:ignore, 0, 0, 0
569, towns_and_towers:village_savanna_plateau, HEADING, header:ignore, 0, 0, 0
570, blue_skies:village_shaded_woodlands, HEADING, header:ignore, 0, 0, 0
571, blue_skies:village_slushlands, HEADING, header:ignore, 0, 0, 0
572, minecraft:village_snowy, HEADING, header:ignore, 0, 0, 0
573, towns_and_towers:village_snowy_slopes, HEADING, header:ignore, 0, 0, 0
574, towns_and_towers:village_snowy_taiga, HEADING, header:ignore, 0, 0, 0
575, towns_and_towers:village_sparse_jungle, HEADING, header:ignore, 0, 0, 0
576, towns_and_towers:village_sunflower_plains, HEADING, header:ignore, 0, 0, 0
577, blue_skies:village_sunset_maple_forest, HEADING, header:ignore, 0, 0, 0
578, repurposed_structures:village_swamp, HEADING, header:ignore, 0, 0, 0
579, towns_and_towers:village_swamp, HEADING, header:ignore, 0, 0, 0
580, minecraft:village_taiga, HEADING, header:ignore, 0, 0, 0
581, repurposed_structures:village_warped, HEADING, header:ignore, 0, 0, 0
582, towns_and_towers:village_wooded_badlands, HEADING, header:ignore, 0, 0, 0
583, bosses_of_mass_destruction:void_blossom, HEADING, header:ignore, 0, 0, 0
584, alexscaves:volcano, HEADING, header:ignore, 0, 0, 0
585, unusualend:wanderer_island, HEADING, header:ignore, 0, 0, 0
586, unusualend:warped_flying_end_ship, HEADING, header:ignore, 0, 0, 0
587, unusualend:warped_flying_end_ship, MONSTER, unusualend:bluk, 10, 2, 3
588, unusualend:warped_flying_end_ship, MONSTER, unusualend:spunkler, 10, 1, 2
589, unusualend:warped_flying_end_ship, MONSTER, unusualend:bolok, 10, 1, 1
590, unusualend:warped_station, HEADING, header:ignore, 0, 0, 0
591, supplementaries:way_sign, HEADING, header:ignore, 0, 0, 0
592, valhelsia_structures:witch_hut, HEADING, header:ignore, 0, 0, 0
593, valhelsia_structures:witch_hut, MONSTER, minecraft:witch, 10, 1, 1
594, valhelsia_structures:witch_hut, CREATURE, minecraft:cat, 10, 1, 1
595, repurposed_structures:witch_hut_birch, HEADING, header:ignore, 0, 0, 0
596, repurposed_structures:witch_hut_birch, MONSTER, minecraft:witch, 10, 1, 1
597, repurposed_structures:witch_hut_birch, CREATURE, minecraft:cat, 10, 1, 1
598, repurposed_structures:witch_hut_dark_forest, HEADING, header:ignore, 0, 0, 0
599, repurposed_structures:witch_hut_dark_forest, MONSTER, minecraft:witch, 10, 1, 1
600, repurposed_structures:witch_hut_dark_forest, CREATURE, minecraft:cat, 10, 1, 1
601, repurposed_structures:witch_hut_giant_tree_taiga, HEADING, header:ignore, 0, 0, 0
602, repurposed_structures:witch_hut_giant_tree_taiga, MONSTER, minecraft:witch, 10, 1, 1
603, repurposed_structures:witch_hut_giant_tree_taiga, CREATURE, minecraft:cat, 10, 1, 1
604, repurposed_structures:witch_hut_mangrove, HEADING, header:ignore, 0, 0, 0
605, repurposed_structures:witch_hut_mangrove, MONSTER, minecraft:witch, 10, 1, 1
606, repurposed_structures:witch_hut_mangrove, CREATURE, minecraft:cat, 10, 1, 1
607, repurposed_structures:witch_hut_oak, HEADING, header:ignore, 0, 0, 0
608, repurposed_structures:witch_hut_oak, MONSTER, minecraft:witch, 10, 1, 1
609, repurposed_structures:witch_hut_oak, CREATURE, minecraft:cat, 10, 1, 1
610, repurposed_structures:witch_hut_taiga, HEADING, header:ignore, 0, 0, 0
611, repurposed_structures:witch_hut_taiga, MONSTER, minecraft:witch, 10, 1, 1
612, repurposed_structures:witch_hut_taiga, CREATURE, minecraft:cat, 10, 1, 1
613, towns_and_towers:wreckage_ocean, HEADING, header:ignore, 0, 0, 0
614, block_factorys_bosses:yeti_hideout, HEADING, header:ignore, 0, 0, 0
615, betterdungeons:zombie_dungeon, HEADING, header:ignore, 0, 0, 0
616, betterdungeons:zombie_dungeon, MONSTER, minecraft:zombie, 80, 4, 15
