2026-05-01 15:42:29,215 main WARN Advanced terminal features are not available in this environment
[15:42:29] [main/INFO] [cp.mo.mo.Launcher/MODLAUNCHER]: ModLauncher running: args [--launchTarget, forgeserver, --fml.forgeVersion, 47.4.13, --fml.mcVersion, 1.20.1, --fml.forgeGroup, net.minecraftforge, --fml.mcpVersion, 20230612.114412, nogui]
[15:42:29] [main/INFO] [cp.mo.mo.Launcher/MODLAUNCHER]: ModLauncher 10.0.9+10.0.9+main.dcd20f30 starting: java version 21.0.11 by Eclipse Adoptium; OS Linux arch amd64 version 6.12.74+deb13+1-amd64
[15:42:29] [main/INFO] [ne.mi.fm.lo.ImmediateWindowHandler/]: ImmediateWindowProvider not loading because launch target is forgeserver
[15:42:29] [main/INFO] [mixin/]: SpongePowered MIXIN Subsystem Version=0.8.5 Source=union:/home/gerald/obelisks/server-instance/libraries/org/spongepowered/mixin/0.8.5/mixin-0.8.5.jar%2365!/ Service=ModLauncher Env=SERVER
[15:42:30] [main/WARN] [ne.mi.fm.lo.mo.ModFileParser/LOADING]: Mod file /home/gerald/obelisks/server-instance/libraries/net/minecraftforge/fmlcore/1.20.1-47.4.13/fmlcore-1.20.1-47.4.13.jar is missing mods.toml file
[15:42:30] [main/WARN] [ne.mi.fm.lo.mo.ModFileParser/LOADING]: Mod file /home/gerald/obelisks/server-instance/libraries/net/minecraftforge/javafmllanguage/1.20.1-47.4.13/javafmllanguage-1.20.1-47.4.13.jar is missing mods.toml file
[15:42:30] [main/WARN] [ne.mi.fm.lo.mo.ModFileParser/LOADING]: Mod file /home/gerald/obelisks/server-instance/libraries/net/minecraftforge/lowcodelanguage/1.20.1-47.4.13/lowcodelanguage-1.20.1-47.4.13.jar is missing mods.toml file
[15:42:30] [main/WARN] [ne.mi.fm.lo.mo.ModFileParser/LOADING]: Mod file /home/gerald/obelisks/server-instance/libraries/net/minecraftforge/mclanguage/1.20.1-47.4.13/mclanguage-1.20.1-47.4.13.jar is missing mods.toml file
[15:42:30] [main/WARN] [ne.mi.ja.se.JarSelector/]: Attempted to select a dependency jar for JarJar which was passed in as source: geckolib. Using Mod File: /home/gerald/obelisks/server-instance/mods/geckolib-forge-1.20.1-4.8.3.jar
[15:42:30] [main/WARN] [ne.mi.ja.se.JarSelector/]: Attempted to select a dependency jar for JarJar which was passed in as source: curios. Using Mod File: /home/gerald/obelisks/server-instance/mods/curios-forge-5.14.1+1.20.1.jar
[15:42:30] [main/WARN] [ne.mi.ja.se.JarSelector/]: Attempted to select a dependency jar for JarJar which was passed in as source: architectury. Using Mod File: /home/gerald/obelisks/server-instance/mods/architectury-9.2.14-forge.jar
[15:42:30] [main/INFO] [ne.mi.fm.lo.mo.JarInJarDependencyLocator/]: Found 105 dependencies adding them to mods collection
[15:42:30] [main/ERROR] [ne.mi.fm.lo.ModSorter/LOADING]: Missing or unsupported mandatory dependencies:
	Mod ID: 'alchemistry', Requested by: 'gases_and_plasmas', Expected range: '[2.3.4,)', Actual version: '[MISSING]'
	Mod ID: 'alchemistry', Requested by: 'liquid_coolant', Expected range: '[2.3.4,)', Actual version: '[MISSING]'
	Mod ID: 'alchemistry', Requested by: 'fission_reactor', Expected range: '[2.3.4,)', Actual version: '[MISSING]'
	Mod ID: 'alchemistry', Requested by: 'heatsync', Expected range: '[2.3.4,)', Actual version: '[MISSING]'
	Mod ID: 'alchemistry', Requested by: 'acid_vat', Expected range: '[2.3.4,)', Actual version: '[MISSING]'
[15:42:30] [main/INFO] [ne.fa.lo.im.bo.FabricLoaderBootstrap/]: Propagating FML mod list to Fabric Loader
[15:42:30] [main/INFO] [cp.mo.mo.LaunchServiceHandler/MODLAUNCHER]: Launching target 'forgeserver' with arguments [nogui]
